<?xml version="1.0" encoding="UTF-8"?>
<!-- Generated by org.testng.reporters.JUnitXMLReporter -->
<testsuite ignored="0" hostname="DESKTOP-PGL0QVV" failures="0" tests="3" name="Test" time="20.094" errors="0" timestamp="2024-07-16T19:18:47 IST">
  <testcase classname="ParaBank_Testcases.PB_TC_002_LoginTest_DataDriven" name="loginTest" time="3.141"/>
  <testcase classname="ParaBank_Testcases.PB_TC_002_LoginTest_DataDriven" name="loginTest" time="1.452"/>
  <testcase classname="ParaBank_Testcases.PB_TC_002_LoginTest_DataDriven" name="loginTest" time="0.95"/>
</testsuite> <!-- Test -->
