<?xml version="1.0" encoding="UTF-8"?>
<testng-results ignored="0" total="3" passed="3" failed="0" skipped="0">
  <reporter-output>
  </reporter-output>
  <suite started-at="2024-07-16T19:18:27 IST" name="Suite" finished-at="2024-07-16T19:18:47 IST" duration-ms="20094">
    <groups>
    </groups>
    <test started-at="2024-07-16T19:18:27 IST" name="Test" finished-at="2024-07-16T19:18:47 IST" duration-ms="20094">
      <class name="ParaBank_Testcases.PB_TC_002_LoginTest_DataDriven">
        <test-method is-config="true" signature="openApplication(java.lang.String,java.lang.String)[pri:0, instance:ParaBank_Testcases.PB_TC_002_LoginTest_DataDriven@3c41ed1d]" started-at="2024-07-16T19:18:27 IST" name="openApplication" finished-at="2024-07-16T19:18:38 IST" duration-ms="10785" status="PASS">
          <params>
            <param index="0">
              <value>
                <![CDATA[chrome]]>
              </value>
            </param>
            <param index="1">
              <value>
                <![CDATA[https://parabank.parasoft.com/parabank/index.htm]]>
              </value>
            </param>
          </params>
          <reporter-output>
          </reporter-output>
        </test-method> <!-- openApplication -->
        <test-method signature="loginTest(java.lang.String,java.lang.String)[pri:0, instance:ParaBank_Testcases.PB_TC_002_LoginTest_DataDriven@3c41ed1d]" started-at="2024-07-16T19:18:41 IST" name="loginTest" data-provider="LoginData" finished-at="2024-07-16T19:18:44 IST" duration-ms="3141" status="PASS">
          <params>
            <param index="0">
              <value>
                <![CDATA[SankarDara12]]>
              </value>
            </param>
            <param index="1">
              <value>
                <![CDATA[Tester@2747]]>
              </value>
            </param>
          </params>
          <reporter-output>
          </reporter-output>
        </test-method> <!-- loginTest -->
        <test-method signature="loginTest(java.lang.String,java.lang.String)[pri:0, instance:ParaBank_Testcases.PB_TC_002_LoginTest_DataDriven@3c41ed1d]" started-at="2024-07-16T19:18:44 IST" name="loginTest" data-provider="LoginData" finished-at="2024-07-16T19:18:46 IST" duration-ms="1452" status="PASS">
          <params>
            <param index="0">
              <value>
                <![CDATA[vetfdgh]]>
              </value>
            </param>
            <param index="1">
              <value>
                <![CDATA[Tester@2747]]>
              </value>
            </param>
          </params>
          <reporter-output>
          </reporter-output>
        </test-method> <!-- loginTest -->
        <test-method signature="loginTest(java.lang.String,java.lang.String)[pri:0, instance:ParaBank_Testcases.PB_TC_002_LoginTest_DataDriven@3c41ed1d]" started-at="2024-07-16T19:18:46 IST" name="loginTest" data-provider="LoginData" finished-at="2024-07-16T19:18:47 IST" duration-ms="950" status="PASS">
          <params>
            <param index="0">
              <value>
                <![CDATA[NaniTelaga]]>
              </value>
            </param>
            <param index="1">
              <value>
                <![CDATA[Nani@1234]]>
              </value>
            </param>
          </params>
          <reporter-output>
          </reporter-output>
        </test-method> <!-- loginTest -->
      </class> <!-- ParaBank_Testcases.PB_TC_002_LoginTest_DataDriven -->
    </test> <!-- Test -->
  </suite> <!-- Suite -->
</testng-results>
